#
# There is insufficient memory for the Java Runtime Environment to continue.
# Native memory allocation (malloc) failed to allocate 891056 bytes for Chunk::new
# Possible reasons:
#   The system is out of physical RAM or swap space
#   The process is running with CompressedOops enabled, and the Java Heap may be blocking the growth of the native heap
# Possible solutions:
#   Reduce memory load on the system
#   Increase physical memory or swap space
#   Check if swap backing store is full
#   Decrease Java heap size (-Xmx/-Xms)
#   Decrease number of Java threads
#   Decrease Java thread stack sizes (-Xss)
#   Set larger code cache with -XX:ReservedCodeCacheSize=
#   JVM is running with Unscaled Compressed Oops mode in which the Java heap is
#     placed in the first 4GB address space. The Java Heap base address is the
#     maximum limit for the native heap growth. Please use -XX:HeapBaseMinAddress
#     to set the Java Heap base and to place the Java Heap above 4GB virtual address.
# This output file may be truncated or incomplete.
#
#  Out of Memory Error (allocation.cpp:389), pid=2268, tid=0x0000000000000660
#
# JRE version: OpenJDK Runtime Environment (8.0) (build 1.8.0-25-microsoft-b00)
# Java VM: OpenJDK 64-Bit Server VM (25.71-b00 mixed mode windows-amd64 compressed oops)
# Failed to write core dump. Minidumps are not enabled by default on client versions of Windows
#

---------------  T H R E A D  ---------------

Current thread (0x0000000014e7d000):  JavaThread "C2 CompilerThread1" daemon [_thread_in_native, id=1632, stack(0x00000000165f0000,0x00000000166f0000)]

Stack: [0x00000000165f0000,0x00000000166f0000]
[error occurred during error reporting (printing stack bounds), id 0xc0000005]

Native frames: (J=compiled Java code, j=interpreted, Vv=VM code, C=native code)


Current CompileTask:
C2:   3401 3241       4       com.android.tools.r8.ir.conversion.N::a (866 bytes)


---------------  P R O C E S S  ---------------

Java Threads: ( => current thread )
  0x000000001700d800 JavaThread "ForkJoinPool-1-worker-0" daemon [_thread_in_Java, id=4860, stack(0x00000000176f0000,0x00000000177f0000)]
  0x0000000017048000 JavaThread "ForkJoinPool-1-worker-1" daemon [_thread_in_Java, id=7468, stack(0x00000000175f0000,0x00000000176f0000)]
  0x0000000016818800 JavaThread "Service Thread" daemon [_thread_blocked, id=1028, stack(0x0000000016bf0000,0x0000000016cf0000)]
  0x0000000014e86800 JavaThread "C1 CompilerThread2" daemon [_thread_blocked, id=4436, stack(0x00000000166f0000,0x00000000167f0000)]
=>0x0000000014e7d000 JavaThread "C2 CompilerThread1" daemon [_thread_in_native, id=1632, stack(0x00000000165f0000,0x00000000166f0000)]
  0x0000000014e7b800 JavaThread "C2 CompilerThread0" daemon [_thread_in_native, id=10236, stack(0x00000000164f0000,0x00000000165f0000)]
  0x0000000014e8c800 JavaThread "Attach Listener" daemon [_thread_blocked, id=788, stack(0x00000000163f0000,0x00000000164f0000)]
  0x0000000014e8b800 JavaThread "Signal Dispatcher" daemon [_thread_blocked, id=9972, stack(0x00000000162f0000,0x00000000163f0000)]
  0x0000000014e69000 JavaThread "Finalizer" daemon [_thread_blocked, id=9628, stack(0x00000000160e0000,0x00000000161e0000)]
  0x0000000002775800 JavaThread "Reference Handler" daemon [_thread_blocked, id=5504, stack(0x0000000015fe0000,0x00000000160e0000)]
  0x0000000000c8e800 JavaThread "main" [_thread_blocked, id=692, stack(0x0000000002580000,0x0000000002680000)]

Other Threads:
  0x0000000014e45000 VMThread [stack: 0x0000000015ee0000,0x0000000015fe0000] [id=12136]
  0x0000000016819000 WatcherThread [stack: 0x0000000016cf0000,0x0000000016df0000] [id=8560]

VM state:not at safepoint (normal execution)

VM Mutex/Monitor currently owned by a thread: None

heap address: 0x00000000c0000000, size: 1024 MB, Compressed Oops mode: 32-bit
Narrow klass base: 0x0000000000000000, Narrow klass shift: 3
Compressed class space size: 1073741824 Address: 0x0000000100000000

Heap:
 PSYoungGen      total 68608K, used 48095K [0x00000000eab00000, 0x00000000ef300000, 0x0000000100000000)
  eden space 63488K, 75% used [0x00000000eab00000,0x00000000ed9f7fe0,0x00000000ee900000)
  from space 5120K, 0% used [0x00000000ee900000,0x00000000ee900000,0x00000000eee00000)
  to   space 5120K, 0% used [0x00000000eee00000,0x00000000eee00000,0x00000000ef300000)
 ParOldGen       total 84992K, used 50888K [0x00000000c0000000, 0x00000000c5300000, 0x00000000eab00000)
  object space 84992K, 59% used [0x00000000c0000000,0x00000000c31b22f0,0x00000000c5300000)
 Metaspace       used 15525K, capacity 16496K, committed 16640K, reserved 1062912K
  class space    used 1993K, capacity 2254K, committed 2304K, reserved 1048576K

Card table byte_map: [0x0000000011b50000,0x0000000011d60000] byte_map_base: 0x0000000011550000

Marking Bits: (ParMarkBitMap*) 0x0000000070ff8f30
 Begin Bits: [0x00000000122c0000, 0x00000000132c0000)
 End Bits:   [0x00000000132c0000, 0x00000000142c0000)

Polling page: 0x0000000002550000

CodeCache: size=245760Kb used=11552Kb max_used=11552Kb free=234207Kb
 bounds [0x0000000002790000, 0x00000000032f0000, 0x0000000011790000]
 total_blobs=3770 nmethods=3416 adapters=265
 compilation: enabled

Compilation events (10 events):
Event: 3.387 Thread 0x0000000014e86800 nmethod 3428 0x00000000032c8b10 code [0x00000000032c8c80, 0x00000000032c8e88]
Event: 3.387 Thread 0x0000000014e86800 3429       3       com.android.tools.r8.t.a.a.a.h.y::<init> (5 bytes)
Event: 3.387 Thread 0x0000000014e86800 nmethod 3429 0x00000000032c8f50 code [0x00000000032c90c0, 0x00000000032c92d0]
Event: 3.387 Thread 0x0000000014e86800 3432       3       com.android.tools.r8.ir.optimize.l$$Lambda$269/1348119766::test (8 bytes)
Event: 3.387 Thread 0x0000000014e86800 nmethod 3432 0x00000000032c93d0 code [0x00000000032c9560, 0x00000000032c9ab8]
Event: 3.388 Thread 0x0000000014e86800 3431       1       java.util.stream.ReferencePipeline$StatefulOp::opIsStateful (2 bytes)
Event: 3.388 Thread 0x0000000014e86800 nmethod 3431 0x00000000032c9c50 code [0x00000000032c9da0, 0x00000000032c9eb0]
Event: 3.388 Thread 0x0000000014e86800 3433       3       com.android.tools.r8.ir.conversion.K::a (951 bytes)
Event: 3.399 Thread 0x0000000014e86800 nmethod 3433 0x00000000032c9f10 code [0x00000000032cad40, 0x00000000032d50f8]
Event: 3.399 Thread 0x0000000014e86800 3436       3       com.android.tools.r8.s.b.X::k (30 bytes)

GC Heap History (10 events):
Event: 0.833 GC heap before
{Heap before GC invocations=4 (full 0):
 PSYoungGen      total 36864K, used 36858K [0x00000000eab00000, 0x00000000ef300000, 0x0000000100000000)
  eden space 31744K, 100% used [0x00000000eab00000,0x00000000eca00000,0x00000000eca00000)
  from space 5120K, 99% used [0x00000000eca00000,0x00000000ecefe888,0x00000000ecf00000)
  to   space 5120K, 0% used [0x00000000eee00000,0x00000000eee00000,0x00000000ef300000)
 ParOldGen       total 84992K, used 21998K [0x00000000c0000000, 0x00000000c5300000, 0x00000000eab00000)
  object space 84992K, 25% used [0x00000000c0000000,0x00000000c157bb90,0x00000000c5300000)
 Metaspace       used 9190K, capacity 9510K, committed 9600K, reserved 1058816K
  class space    used 1043K, capacity 1131K, committed 1152K, reserved 1048576K
Event: 0.845 GC heap after
Heap after GC invocations=4 (full 0):
 PSYoungGen      total 68608K, used 5104K [0x00000000eab00000, 0x00000000ef300000, 0x0000000100000000)
  eden space 63488K, 0% used [0x00000000eab00000,0x00000000eab00000,0x00000000ee900000)
  from space 5120K, 99% used [0x00000000eee00000,0x00000000ef2fc080,0x00000000ef300000)
  to   space 5120K, 0% used [0x00000000ee900000,0x00000000ee900000,0x00000000eee00000)
 ParOldGen       total 84992K, used 31871K [0x00000000c0000000, 0x00000000c5300000, 0x00000000eab00000)
  object space 84992K, 37% used [0x00000000c0000000,0x00000000c1f1fd10,0x00000000c5300000)
 Metaspace       used 9190K, capacity 9510K, committed 9600K, reserved 1058816K
  class space    used 1043K, capacity 1131K, committed 1152K, reserved 1048576K
}
Event: 1.356 GC heap before
{Heap before GC invocations=5 (full 0):
 PSYoungGen      total 68608K, used 68592K [0x00000000eab00000, 0x00000000ef300000, 0x0000000100000000)
  eden space 63488K, 100% used [0x00000000eab00000,0x00000000ee900000,0x00000000ee900000)
  from space 5120K, 99% used [0x00000000eee00000,0x00000000ef2fc080,0x00000000ef300000)
  to   space 5120K, 0% used [0x00000000ee900000,0x00000000ee900000,0x00000000eee00000)
 ParOldGen       total 84992K, used 31871K [0x00000000c0000000, 0x00000000c5300000, 0x00000000eab00000)
  object space 84992K, 37% used [0x00000000c0000000,0x00000000c1f1fd10,0x00000000c5300000)
 Metaspace       used 9403K, capacity 9796K, committed 9984K, reserved 1058816K
  class space    used 1073K, capacity 1172K, committed 1280K, reserved 1048576K
Event: 1.390 GC heap after
Heap after GC invocations=5 (full 0):
 PSYoungGen      total 68608K, used 5088K [0x00000000eab00000, 0x00000000ef300000, 0x0000000100000000)
  eden space 63488K, 0% used [0x00000000eab00000,0x00000000eab00000,0x00000000ee900000)
  from space 5120K, 99% used [0x00000000ee900000,0x00000000eedf8040,0x00000000eee00000)
  to   space 5120K, 0% used [0x00000000eee00000,0x00000000eee00000,0x00000000ef300000)
 ParOldGen       total 84992K, used 47544K [0x00000000c0000000, 0x00000000c5300000, 0x00000000eab00000)
  object space 84992K, 55% used [0x00000000c0000000,0x00000000c2e6e058,0x00000000c5300000)
 Metaspace       used 9403K, capacity 9796K, committed 9984K, reserved 1058816K
  class space    used 1073K, capacity 1172K, committed 1280K, reserved 1048576K
}
Event: 1.749 GC heap before
{Heap before GC invocations=6 (full 0):
 PSYoungGen      total 68608K, used 68576K [0x00000000eab00000, 0x00000000ef300000, 0x0000000100000000)
  eden space 63488K, 100% used [0x00000000eab00000,0x00000000ee900000,0x00000000ee900000)
  from space 5120K, 99% used [0x00000000ee900000,0x00000000eedf8040,0x00000000eee00000)
  to   space 5120K, 0% used [0x00000000eee00000,0x00000000eee00000,0x00000000ef300000)
 ParOldGen       total 84992K, used 47544K [0x00000000c0000000, 0x00000000c5300000, 0x00000000eab00000)
  object space 84992K, 55% used [0x00000000c0000000,0x00000000c2e6e058,0x00000000c5300000)
 Metaspace       used 10046K, capacity 10456K, committed 10496K, reserved 1058816K
  class space    used 1158K, capacity 1252K, committed 1280K, reserved 1048576K
Event: 1.823 GC heap after
Heap after GC invocations=6 (full 0):
 PSYoungGen      total 68608K, used 5088K [0x00000000eab00000, 0x00000000ef300000, 0x0000000100000000)
  eden space 63488K, 0% used [0x00000000eab00000,0x00000000eab00000,0x00000000ee900000)
  from space 5120K, 99% used [0x00000000eee00000,0x00000000ef2f8020,0x00000000ef300000)
  to   space 5120K, 0% used [0x00000000ee900000,0x00000000ee900000,0x00000000eee00000)
 ParOldGen       total 84992K, used 58427K [0x00000000c0000000, 0x00000000c5300000, 0x00000000eab00000)
  object space 84992K, 68% used [0x00000000c0000000,0x00000000c390ed58,0x00000000c5300000)
 Metaspace       used 10046K, capacity 10456K, committed 10496K, reserved 1058816K
  class space    used 1158K, capacity 1252K, committed 1280K, reserved 1048576K
}
Event: 2.206 GC heap before
{Heap before GC invocations=7 (full 0):
 PSYoungGen      total 68608K, used 68576K [0x00000000eab00000, 0x00000000ef300000, 0x0000000100000000)
  eden space 63488K, 100% used [0x00000000eab00000,0x00000000ee900000,0x00000000ee900000)
  from space 5120K, 99% used [0x00000000eee00000,0x00000000ef2f8020,0x00000000ef300000)
  to   space 5120K, 0% used [0x00000000ee900000,0x00000000ee900000,0x00000000eee00000)
 ParOldGen       total 84992K, used 58427K [0x00000000c0000000, 0x00000000c5300000, 0x00000000eab00000)
  object space 84992K, 68% used [0x00000000c0000000,0x00000000c390ed58,0x00000000c5300000)
 Metaspace       used 11167K, capacity 11640K, committed 11776K, reserved 1058816K
  class space    used 1314K, capacity 1426K, committed 1536K, reserved 1048576K
Event: 2.233 GC heap after
Heap after GC invocations=7 (full 0):
 PSYoungGen      total 68608K, used 5088K [0x00000000eab00000, 0x00000000ef300000, 0x0000000100000000)
  eden space 63488K, 0% used [0x00000000eab00000,0x00000000eab00000,0x00000000ee900000)
  from space 5120K, 99% used [0x00000000ee900000,0x00000000eedf8250,0x00000000eee00000)
  to   space 5120K, 0% used [0x00000000eee00000,0x00000000eee00000,0x00000000ef300000)
 ParOldGen       total 84992K, used 67923K [0x00000000c0000000, 0x00000000c5300000, 0x00000000eab00000)
  object space 84992K, 79% used [0x00000000c0000000,0x00000000c4254d88,0x00000000c5300000)
 Metaspace       used 11167K, capacity 11640K, committed 11776K, reserved 1058816K
  class space    used 1314K, capacity 1426K, committed 1536K, reserved 1048576K
}
Event: 2.233 GC heap before
{Heap before GC invocations=8 (full 1):
 PSYoungGen      total 68608K, used 5088K [0x00000000eab00000, 0x00000000ef300000, 0x0000000100000000)
  eden space 63488K, 0% used [0x00000000eab00000,0x00000000eab00000,0x00000000ee900000)
  from space 5120K, 99% used [0x00000000ee900000,0x00000000eedf8250,0x00000000eee00000)
  to   space 5120K, 0% used [0x00000000eee00000,0x00000000eee00000,0x00000000ef300000)
 ParOldGen       total 84992K, used 67923K [0x00000000c0000000, 0x00000000c5300000, 0x00000000eab00000)
  object space 84992K, 79% used [0x00000000c0000000,0x00000000c4254d88,0x00000000c5300000)
 Metaspace       used 11167K, capacity 11640K, committed 11776K, reserved 1058816K
  class space    used 1314K, capacity 1426K, committed 1536K, reserved 1048576K
Event: 2.529 GC heap after
Heap after GC invocations=8 (full 1):
 PSYoungGen      total 68608K, used 0K [0x00000000eab00000, 0x00000000ef300000, 0x0000000100000000)
  eden space 63488K, 0% used [0x00000000eab00000,0x00000000eab00000,0x00000000ee900000)
  from space 5120K, 0% used [0x00000000ee900000,0x00000000ee900000,0x00000000eee00000)
  to   space 5120K, 0% used [0x00000000eee00000,0x00000000eee00000,0x00000000ef300000)
 ParOldGen       total 84992K, used 50888K [0x00000000c0000000, 0x00000000c5300000, 0x00000000eab00000)
  object space 84992K, 59% used [0x00000000c0000000,0x00000000c31b22f0,0x00000000c5300000)
 Metaspace       used 11157K, capacity 11618K, committed 11776K, reserved 1058816K
  class space    used 1310K, capacity 1419K, committed 1536K, reserved 1048576K
}

Deoptimization events (10 events):
Event: 3.092 Thread 0x000000001700d800 Uncommon trap: reason=unstable_if action=reinterpret pc=0x0000000002e311fc method=java.util.HashMap.getNode(ILjava/lang/Object;)Ljava/util/HashMap$Node; @ 62
Event: 3.173 Thread 0x000000001700d800 Uncommon trap: reason=bimorphic action=maybe_recompile pc=0x0000000002fcba38 method=com.android.tools.r8.s.b.s1.a(Lcom/android/tools/r8/s/a/p/u;)Lcom/android/tools/r8/s/b/s1; @ 12
Event: 3.173 Thread 0x000000001700d800 Uncommon trap: reason=bimorphic action=maybe_recompile pc=0x0000000002fcba38 method=com.android.tools.r8.s.b.s1.a(Lcom/android/tools/r8/s/a/p/u;)Lcom/android/tools/r8/s/b/s1; @ 12
Event: 3.173 Thread 0x000000001700d800 Uncommon trap: reason=bimorphic action=maybe_recompile pc=0x0000000002fcba38 method=com.android.tools.r8.s.b.s1.a(Lcom/android/tools/r8/s/a/p/u;)Lcom/android/tools/r8/s/b/s1; @ 12
Event: 3.174 Thread 0x000000001700d800 Uncommon trap: reason=bimorphic action=maybe_recompile pc=0x0000000002fcba38 method=com.android.tools.r8.s.b.s1.a(Lcom/android/tools/r8/s/a/p/u;)Lcom/android/tools/r8/s/b/s1; @ 12
Event: 3.174 Thread 0x000000001700d800 Uncommon trap: reason=bimorphic action=maybe_recompile pc=0x0000000002fcd814 method=com.android.tools.r8.s.b.s1.a(Lcom/android/tools/r8/s/a/p/u;)Lcom/android/tools/r8/s/b/s1; @ 12
Event: 3.180 Thread 0x000000001700d800 Uncommon trap: reason=unstable_if action=reinterpret pc=0x0000000002fd516c method=com.android.tools.r8.s.b.s1.b()Z @ 11
Event: 3.230 Thread 0x0000000017048000 Uncommon trap: reason=unstable_if action=reinterpret pc=0x0000000002fa658c method=java.util.HashMap.putVal(ILjava/lang/Object;Ljava/lang/Object;ZZ)Ljava/lang/Object; @ 162
Event: 3.300 Thread 0x0000000017048000 Uncommon trap: reason=unstable_if action=reinterpret pc=0x000000000317a45c method=com.android.tools.r8.ir.conversion.o.d(I)Lcom/android/tools/r8/s/b/W0; @ 59
Event: 3.303 Thread 0x0000000017048000 Uncommon trap: reason=unstable_if action=reinterpret pc=0x000000000312fb10 method=com.android.tools.r8.t.a.a.a.f.X.a(ILjava/lang/Object;)Ljava/lang/Object; @ 8

Classes redefined (0 events):
No events

Internal exceptions (10 events):
Event: 0.491 Thread 0x0000000000c8e800 Exception <a 'java/security/PrivilegedActionException'> (0x00000000ec8a4410) thrown at [D:\j\worksp~1\openjd~3\jdk8u\hotspot\src\share\vm\prims\jvm.cpp, line 1508]
Event: 0.491 Thread 0x0000000000c8e800 Exception <a 'java/security/PrivilegedActionException'> (0x00000000ec8a4620) thrown at [D:\j\worksp~1\openjd~3\jdk8u\hotspot\src\share\vm\prims\jvm.cpp, line 1508]
Event: 0.491 Thread 0x0000000000c8e800 Exception <a 'java/security/PrivilegedActionException'> (0x00000000ec8a5d60) thrown at [D:\j\worksp~1\openjd~3\jdk8u\hotspot\src\share\vm\prims\jvm.cpp, line 1508]
Event: 0.491 Thread 0x0000000000c8e800 Exception <a 'java/security/PrivilegedActionException'> (0x00000000ec8a5f70) thrown at [D:\j\worksp~1\openjd~3\jdk8u\hotspot\src\share\vm\prims\jvm.cpp, line 1508]
Event: 0.506 Thread 0x0000000000c8e800 Implicit null exception at 0x00000000029f8fd4 to 0x00000000029f9999
Event: 1.448 Thread 0x0000000000c8e800 Exception <a 'java/lang/IncompatibleClassChangeError': Found class java.lang.Object, but interface was expected> (0x00000000eba3dd08) thrown at [D:\j\worksp~1\openjd~3\jdk8u\hotspot\src\share\vm\interpreter\linkResolver.cpp, line 653]
Event: 2.649 Thread 0x0000000017048000 Exception <a 'java/lang/NoSuchMethodError': java.lang.Object.b(Lcom/android/tools/r8/graph/p1$b;)Lcom/android/tools/r8/graph/p1$b;> (0x00000000eaf0b4b0) thrown at [D:\j\worksp~1\openjd~3\jdk8u\hotspot\src\share\vm\interpreter\linkResolver.cpp, line 620]
Event: 2.695 Thread 0x0000000017048000 Exception <a 'java/lang/NoSuchMethodError': java.lang.Object.lambda$comparingInt$7b0bb60$1(Ljava/util/function/ToIntFunction;Ljava/lang/Object;Ljava/lang/Object;)I> (0x00000000eb24dbd8) thrown at [D:\j\worksp~1\openjd~3\jdk8u\hotspot\src\share\vm\interpre
Event: 2.696 Thread 0x000000001700d800 Exception <a 'java/lang/NoSuchMethodError': java.lang.Object.lambda$comparingInt$7b0bb60$1(Ljava/util/function/ToIntFunction;Ljava/lang/Object;Ljava/lang/Object;)I> (0x00000000eb2aa988) thrown at [D:\j\worksp~1\openjd~3\jdk8u\hotspot\src\share\vm\interpre
Event: 2.697 Thread 0x000000001700d800 Exception <a 'java/lang/NoSuchMethodError': java.lang.Object.lambda$maxBy$1(Ljava/util/Comparator;Ljava/lang/Object;Ljava/lang/Object;)Ljava/lang/Object;> (0x00000000eb2b26a8) thrown at [D:\j\worksp~1\openjd~3\jdk8u\hotspot\src\share\vm\interpreter\linkRe

Events (10 events):
Event: 3.303 Thread 0x0000000017048000 DEOPT PACKING pc=0x000000000312fb10 sp=0x00000000176ede60
Event: 3.303 Thread 0x0000000017048000 DEOPT UNPACKING pc=0x00000000027d557b sp=0x00000000176eddf8 mode 2
Event: 3.316 loading class com/android/tools/r8/s/a/i/a
Event: 3.316 loading class com/android/tools/r8/s/a/i/a done
Event: 3.316 loading class com/android/tools/r8/q/a/a/a/J
Event: 3.316 loading class com/android/tools/r8/q/a/a/a/J done
Event: 3.324 Thread 0x0000000017048000 DEOPT PACKING pc=0x0000000002f6d76c sp=0x00000000176ee210
Event: 3.324 Thread 0x0000000017048000 DEOPT UNPACKING pc=0x00000000027d71d0 sp=0x00000000176ee0a0 mode 0
Event: 3.325 loading class com/android/tools/r8/graph/l0$r
Event: 3.325 loading class com/android/tools/r8/graph/l0$r done


Dynamic libraries:
0x00007ff75b470000 - 0x00007ff75b4a5000 	C:\Program Files\Android\Jdk\microsoft_dist_openjdk_1.8.0.25\bin\java.exe
0x00007ffb7fef0000 - 0x00007ffb800e5000 	C:\WINDOWS\SYSTEM32\ntdll.dll
0x00007ffb7fd40000 - 0x00007ffb7fdfd000 	C:\WINDOWS\System32\KERNEL32.DLL
0x00007ffb7db70000 - 0x00007ffb7de39000 	C:\WINDOWS\System32\KERNELBASE.dll
0x00007ffb7fe00000 - 0x00007ffb7feac000 	C:\WINDOWS\System32\ADVAPI32.dll
0x00007ffb7f180000 - 0x00007ffb7f21e000 	C:\WINDOWS\System32\msvcrt.dll
0x00007ffb7eb60000 - 0x00007ffb7ebfb000 	C:\WINDOWS\System32\sechost.dll
0x00007ffb7efa0000 - 0x00007ffb7f0ca000 	C:\WINDOWS\System32\RPCRT4.dll
0x00007ffb7fba0000 - 0x00007ffb7fd40000 	C:\WINDOWS\System32\USER32.dll
0x00007ffb7de40000 - 0x00007ffb7de62000 	C:\WINDOWS\System32\win32u.dll
0x00007ffb7e5d0000 - 0x00007ffb7e5fa000 	C:\WINDOWS\System32\GDI32.dll
0x00007ffb7d7e0000 - 0x00007ffb7d8eb000 	C:\WINDOWS\System32\gdi32full.dll
0x00007ffb7d9a0000 - 0x00007ffb7da3d000 	C:\WINDOWS\System32\msvcp_win.dll
0x00007ffb7da40000 - 0x00007ffb7db40000 	C:\WINDOWS\System32\ucrtbase.dll
0x00007ffb62330000 - 0x00007ffb625ca000 	C:\WINDOWS\WinSxS\amd64_microsoft.windows.common-controls_6595b64144ccf1df_6.0.19041.1110_none_60b5254171f9507e\COMCTL32.dll
0x00007ffb7e120000 - 0x00007ffb7e150000 	C:\WINDOWS\System32\IMM32.DLL
0x0000000071080000 - 0x0000000071151000 	C:\Program Files\Android\Jdk\microsoft_dist_openjdk_1.8.0.25\jre\bin\msvcr100.dll
0x0000000070830000 - 0x0000000071075000 	C:\Program Files\Android\Jdk\microsoft_dist_openjdk_1.8.0.25\jre\bin\server\jvm.dll
0x00007ffb7eac0000 - 0x00007ffb7eac8000 	C:\WINDOWS\System32\PSAPI.DLL
0x00007ffb6b500000 - 0x00007ffb6b509000 	C:\WINDOWS\SYSTEM32\WSOCK32.dll
0x00007ffb692b0000 - 0x00007ffb692d7000 	C:\WINDOWS\SYSTEM32\WINMM.dll
0x00007ffb77830000 - 0x00007ffb7783a000 	C:\WINDOWS\SYSTEM32\VERSION.dll
0x00007ffb7ef30000 - 0x00007ffb7ef9b000 	C:\WINDOWS\System32\WS2_32.dll
0x00007ffb79310000 - 0x00007ffb7931f000 	C:\Program Files\Android\Jdk\microsoft_dist_openjdk_1.8.0.25\jre\bin\verify.dll
0x00007ffb6e860000 - 0x00007ffb6e889000 	C:\Program Files\Android\Jdk\microsoft_dist_openjdk_1.8.0.25\jre\bin\java.dll
0x00007ffb759a0000 - 0x00007ffb759b6000 	C:\Program Files\Android\Jdk\microsoft_dist_openjdk_1.8.0.25\jre\bin\zip.dll
0x00007ffb7f460000 - 0x00007ffb7fb9f000 	C:\WINDOWS\System32\SHELL32.dll
0x00007ffb7b750000 - 0x00007ffb7bee0000 	C:\WINDOWS\SYSTEM32\windows.storage.dll
0x00007ffb7e600000 - 0x00007ffb7e955000 	C:\WINDOWS\System32\combase.dll
0x00007ffb7cfb0000 - 0x00007ffb7cfdc000 	C:\WINDOWS\SYSTEM32\Wldp.dll
0x00007ffb7f0d0000 - 0x00007ffb7f17e000 	C:\WINDOWS\System32\SHCORE.dll
0x00007ffb7ec00000 - 0x00007ffb7ec55000 	C:\WINDOWS\System32\shlwapi.dll
0x00007ffb7d560000 - 0x00007ffb7d57f000 	C:\WINDOWS\SYSTEM32\profapi.dll
0x00007ffb72ee0000 - 0x00007ffb72efa000 	C:\Program Files\Android\jdk\microsoft_dist_openjdk_1.8.0.25\jre\bin\net.dll
0x00007ffb7cd10000 - 0x00007ffb7cd7a000 	C:\WINDOWS\system32\mswsock.dll
0x00007ffb72ea0000 - 0x00007ffb72eb1000 	C:\Program Files\Android\jdk\microsoft_dist_openjdk_1.8.0.25\jre\bin\nio.dll

VM Arguments:
jvm_args: -Xmx1G 
java_command: com.android.tools.r8.D8 --debug --min-api 21 --output obj\Debug\100\android\bin\ --lib C:\Program Files (x86)\Android\android-sdk\platforms\android-29\android.jar --lib C:\Program Files (x86)\Android\android-sdk\platforms\android-29\optional\org.apache.http.legacy.jar obj\Debug\100\android\bin\classes.zip C:\Program Files (x86)\Microsoft Visual Studio\2019\Enterprise\Common7\IDE\ReferenceAssemblies\Microsoft\Framework\MonoAndroid\v10.0\mono.android.jar C:\Program Files (x86)\Microsoft Visual Studio\2019\Enterprise\MSBuild\Xamarin\Android\java_runtime_fastdev.jar C:\Program Files (x86)\Microsoft\Xamarin\NuGet\xamarin.androidx.annotation\1.1.0.1\buildTransitive\monoandroid90\..\..\jar\androidx.annotation.annotation.jar C:\Program Files (x86)\Microsoft\Xamarin\NuGet\xamarin.androidx.collection\1.1.0.1\buildTransitive\monoandroid90\..\..\jar\androidx.collection.collection.jar C:\Program Files (x86)\Microsoft\Xamarin\NuGet\xamarin.androidx.lifecycle.common\2.1.0.1\buildTransitive\monoandroid90\..\..\jar\androidx.lifecycle.lifecycle-common.jar C:\Program Files (x86)\Microsoft\Xamarin\NuGet\xamarin.androidx.arch.core.common\2.1.0.1\buildTransitive\monoandroid90\..\..\jar\androidx.arch.core.core-common.jar obj\Debug\100\lp\0\jl\formsviewgroup.jar obj\Debug\100\lp\55\jl\classes.jar obj\Debug\100\lp\56\jl\classes.jar obj\Debug\100\lp\57\jl\classes.jar obj\Debug\100\lp\58\jl\classes.jar obj\Debug\100\lp\59\jl\classes.jar obj\Debug\100\lp\60\jl\classes.jar obj\Debug\100\lp\61\jl\classes.jar obj\Debug\100\lp\62\jl\classes.jar obj\Debug\100\lp\63\jl\classes.jar obj\Debug\100\lp\64\jl\classes.jar obj\Debug\100\lp\65\jl\classes.jar obj\Debug\100\lp\66\jl\classes.jar obj\Debug\100\lp\67\jl\classes.jar obj\Debug\100\lp\68\jl\classes.jar obj\Debug\100\lp\69\jl\classes.jar obj\Debug\100\lp\70\jl\classes.jar obj\Debug\100\lp\71\jl\classes.jar obj\Debug\100\lp\72\jl\classes.jar obj\Debug\100\lp\73\jl\classes.jar obj\Debug\100\lp\74\jl\classes.jar obj\Debug\100\lp\75\jl\cl
java_class_path (initial): C:\Program Files (x86)\Microsoft Visual Studio\2019\Enterprise\MSBuild\Xamarin\Android\r8.jar
Launcher Type: SUN_STANDARD

Environment Variables:
PATH=C:\Program Files\Android\Jdk\microsoft_dist_openjdk_1.8.0.25\bin;C:\WINDOWS\system32;C:\WINDOWS;C:\WINDOWS\System32\Wbem;C:\WINDOWS\System32\WindowsPowerShell\v1.0\;C:\WINDOWS\System32\OpenSSH\;C:\Program Files\dotnet\;C:\Program Files\Microsoft SQL Server\130\Tools\Binn\;C:\Program Files\Microsoft SQL Server\Client SDK\ODBC\170\Tools\Binn\;C:\Program Files\Microsoft SQL Server\110\Tools\Binn\;C:\Program Files (x86)\Microsoft SQL Server\110\Tools\Binn\;C:\Program Files\Microsoft SQL Server\110\DTS\Binn\;C:\Program Files (x86)\Microsoft SQL Server\110\Tools\Binn\ManagementStudio\;C:\Program Files (x86)\Microsoft Visual Studio 10.0\Common7\IDE\PrivateAssemblies\;C:\Program Files (x86)\Microsoft SQL Server\110\DTS\Binn\;C:\Program Files\Git\cmd;C:\Program Files (x86)\dotnet\;C:\Users\ADMIN\AppData\Local\Microsoft\WindowsApps;C:\Users\ADMIN\.dotnet\tools
USERNAME=ADMIN
OS=Windows_NT
PROCESSOR_IDENTIFIER=Intel64 Family 6 Model 165 Stepping 3, GenuineIntel



---------------  S Y S T E M  ---------------

OS: Windows 10.0 , 64 bit Build 19041 (10.0.19041.1151)

CPU:total 4 (initial active 4) (2 cores per cpu, 2 threads per core) family 6 model 165 stepping 3, cmov, cx8, fxsr, mmx, sse, sse2, sse3, ssse3, sse4.1, sse4.2, popcnt, aes, clmul, erms, 3dnowpref, lzcnt, ht, tsc, tscinvbit

Memory: 4k page, physical 8009008k(460780k free), swap 21416876k(4612k free)

vm_info: OpenJDK 64-Bit Server VM (25.71-b00) for windows-amd64 JRE (1.8.0-25-microsoft-b00), built on Feb  7 2019 20:09:14 by "builder" with MS VC++ 10.0 (VS2010)

time: Tue Sep 14 10:01:04 2021
timezone: SE Asia Standard Time
elapsed time: 3 seconds (0d 0h 0m 3s)

