#
# There is insufficient memory for the Java Runtime Environment to continue.
# Native memory allocation (malloc) failed to allocate 1479696 bytes for Chunk::new
# Possible reasons:
#   The system is out of physical RAM or swap space
#   The process is running with CompressedOops enabled, and the Java Heap may be blocking the growth of the native heap
# Possible solutions:
#   Reduce memory load on the system
#   Increase physical memory or swap space
#   Check if swap backing store is full
#   Decrease Java heap size (-Xmx/-Xms)
#   Decrease number of Java threads
#   Decrease Java thread stack sizes (-Xss)
#   Set larger code cache with -XX:ReservedCodeCacheSize=
#   JVM is running with Unscaled Compressed Oops mode in which the Java heap is
#     placed in the first 4GB address space. The Java Heap base address is the
#     maximum limit for the native heap growth. Please use -XX:HeapBaseMinAddress
#     to set the Java Heap base and to place the Java Heap above 4GB virtual address.
# This output file may be truncated or incomplete.
#
#  Out of Memory Error (allocation.cpp:389), pid=2700, tid=0x0000000000002748
#
# JRE version: OpenJDK Runtime Environment (8.0) (build 1.8.0-25-microsoft-b00)
# Java VM: OpenJDK 64-Bit Server VM (25.71-b00 mixed mode windows-amd64 compressed oops)
# Failed to write core dump. Minidumps are not enabled by default on client versions of Windows
#

---------------  T H R E A D  ---------------

Current thread (0x00000000171af800):  JavaThread "C2 CompilerThread1" daemon [_thread_in_native, id=10056, stack(0x0000000018900000,0x0000000018a00000)]

Stack: [0x0000000018900000,0x0000000018a00000]
[error occurred during error reporting (printing stack bounds), id 0xc0000005]

Native frames: (J=compiled Java code, j=interpreted, Vv=VM code, C=native code)


Current CompileTask:
C2:   2243 1693       4       org.objectweb.asm.commons.Remapper::mapDesc (131 bytes)


---------------  P R O C E S S  ---------------

Java Threads: ( => current thread )
  0x0000000019282800 JavaThread "pool-1-thread-10" [_thread_in_native, id=9272, stack(0x000000001a200000,0x000000001a300000)]
  0x0000000019281800 JavaThread "pool-1-thread-9" [_thread_blocked, id=11856, stack(0x000000001a100000,0x000000001a200000)]
  0x000000001927b000 JavaThread "pool-1-thread-8" [_thread_in_Java, id=9452, stack(0x000000001a000000,0x000000001a100000)]
  0x0000000019279000 JavaThread "pool-1-thread-7" [_thread_blocked, id=4868, stack(0x0000000019f00000,0x000000001a000000)]
  0x0000000019278800 JavaThread "pool-1-thread-6" [_thread_blocked, id=5804, stack(0x0000000019e00000,0x0000000019f00000)]
  0x0000000019275800 JavaThread "pool-1-thread-5" [_thread_blocked, id=4648, stack(0x0000000019d00000,0x0000000019e00000)]
  0x000000001926f800 JavaThread "pool-1-thread-4" [_thread_blocked, id=6948, stack(0x0000000019c00000,0x0000000019d00000)]
  0x0000000019268000 JavaThread "pool-1-thread-3" [_thread_in_vm, id=2692, stack(0x0000000019b00000,0x0000000019c00000)]
  0x0000000019267800 JavaThread "pool-1-thread-2" [_thread_in_Java, id=11716, stack(0x0000000019a00000,0x0000000019b00000)]
  0x0000000019267000 JavaThread "pool-1-thread-1" [_thread_blocked, id=10036, stack(0x0000000019900000,0x0000000019a00000)]
  0x0000000018b08800 JavaThread "Service Thread" daemon [_thread_blocked, id=3420, stack(0x0000000018f00000,0x0000000019000000)]
  0x00000000171ba800 JavaThread "C1 CompilerThread2" daemon [_thread_blocked, id=12472, stack(0x0000000018a00000,0x0000000018b00000)]
=>0x00000000171af800 JavaThread "C2 CompilerThread1" daemon [_thread_in_native, id=10056, stack(0x0000000018900000,0x0000000018a00000)]
  0x00000000171ad800 JavaThread "C2 CompilerThread0" daemon [_thread_in_native, id=9320, stack(0x0000000018800000,0x0000000018900000)]
  0x00000000171a8800 JavaThread "Attach Listener" daemon [_thread_blocked, id=12360, stack(0x0000000018700000,0x0000000018800000)]
  0x00000000171b8000 JavaThread "Signal Dispatcher" daemon [_thread_blocked, id=8984, stack(0x0000000018600000,0x0000000018700000)]
  0x00000000028db000 JavaThread "Finalizer" daemon [_thread_blocked, id=11692, stack(0x0000000018400000,0x0000000018500000)]
  0x0000000017199800 JavaThread "Reference Handler" daemon [_thread_blocked, id=8444, stack(0x0000000018300000,0x0000000018400000)]
  0x0000000000e4e000 JavaThread "main" [_thread_blocked, id=13120, stack(0x0000000002630000,0x0000000002730000)]

Other Threads:
  0x0000000017176000 VMThread [stack: 0x0000000018200000,0x0000000018300000] [id=7024]
  0x000000001720a800 WatcherThread [stack: 0x0000000019000000,0x0000000019100000] [id=11628]

VM state:not at safepoint (normal execution)

VM Mutex/Monitor currently owned by a thread: None

heap address: 0x0000000085c00000, size: 1956 MB, Compressed Oops mode: 32-bit
Narrow klass base: 0x0000000000000000, Narrow klass shift: 3
Compressed class space size: 1073741824 Address: 0x0000000100000000

Heap:
 PSYoungGen      total 270848K, used 49929K [0x00000000d7400000, 0x00000000e9500000, 0x0000000100000000)
  eden space 251904K, 13% used [0x00000000d7400000,0x00000000d9491540,0x00000000e6a00000)
  from space 18944K, 87% used [0x00000000e7e80000,0x00000000e8eb0f00,0x00000000e9100000)
  to   space 20992K, 0% used [0x00000000e6a00000,0x00000000e6a00000,0x00000000e7e80000)
 ParOldGen       total 84992K, used 24026K [0x0000000085c00000, 0x000000008af00000, 0x00000000d7400000)
  object space 84992K, 28% used [0x0000000085c00000,0x0000000087376908,0x000000008af00000)
 Metaspace       used 9888K, capacity 10006K, committed 10240K, reserved 1058816K
  class space    used 912K, capacity 947K, committed 1024K, reserved 1048576K

Card table byte_map: [0x0000000011ca0000,0x0000000012080000] byte_map_base: 0x0000000011872000

Marking Bits: (ParMarkBitMap*) 0x0000000070ff8f30
 Begin Bits: [0x0000000012710000, 0x00000000145a0000)
 End Bits:   [0x00000000145a0000, 0x0000000016430000)

Polling page: 0x0000000000e50000

CodeCache: size=245760Kb used=6943Kb max_used=6943Kb free=238816Kb
 bounds [0x00000000028e0000, 0x0000000002fb0000, 0x00000000118e0000]
 total_blobs=2214 nmethods=1876 adapters=252
 compilation: enabled

Compilation events (10 events):
Event: 2.238 Thread 0x00000000171ba800 1906       3       com.android.tools.build.jetifier.core.type.TypesMap::<init> (151 bytes)
Event: 2.239 Thread 0x00000000171ba800 nmethod 1906 0x0000000002faa710 code [0x0000000002faa9e0, 0x0000000002fabe08]
Event: 2.240 Thread 0x00000000171ba800 1907       1       java.net.URLConnection::getUseCaches (5 bytes)
Event: 2.240 Thread 0x00000000171ba800 nmethod 1907 0x0000000002fac7d0 code [0x0000000002fac920, 0x0000000002faca30]
Event: 2.240 Thread 0x00000000171ba800 1908       2       java.util.regex.Pattern$Ques::study (59 bytes)
Event: 2.240 Thread 0x00000000171ba800 nmethod 1908 0x0000000002faca90 code [0x0000000002facc20, 0x0000000002face78]
Event: 2.240 Thread 0x00000000171ba800 1909       2       java.util.regex.Matcher::appendTail (19 bytes)
Event: 2.240 Thread 0x00000000171ba800 nmethod 1909 0x0000000002facf90 code [0x0000000002fad100, 0x0000000002fad478]
Event: 2.240 Thread 0x00000000171ba800 1910       2       com.android.tools.build.jetifier.processor.transform.proguard.patterns.GroupsReplacer::<init> (27 bytes)
Event: 2.241 Thread 0x00000000171ba800 nmethod 1910 0x0000000002fad5d0 code [0x0000000002fad740, 0x0000000002fad938]

GC Heap History (10 events):
Event: 1.509 GC heap before
{Heap before GC invocations=4 (full 0):
 PSYoungGen      total 36864K, used 36049K [0x00000000d7400000, 0x00000000dbc00000, 0x0000000100000000)
  eden space 31744K, 100% used [0x00000000d7400000,0x00000000d9300000,0x00000000d9300000)
  from space 5120K, 84% used [0x00000000d9300000,0x00000000d97345f8,0x00000000d9800000)
  to   space 5120K, 0% used [0x00000000db700000,0x00000000db700000,0x00000000dbc00000)
 ParOldGen       total 84992K, used 96K [0x0000000085c00000, 0x000000008af00000, 0x00000000d7400000)
  object space 84992K, 0% used [0x0000000085c00000,0x0000000085c18010,0x000000008af00000)
 Metaspace       used 8484K, capacity 8598K, committed 8832K, reserved 1056768K
  class space    used 800K, capacity 819K, committed 896K, reserved 1048576K
Event: 1.516 GC heap after
Heap after GC invocations=4 (full 0):
 PSYoungGen      total 68608K, used 5119K [0x00000000d7400000, 0x00000000dbc00000, 0x0000000100000000)
  eden space 63488K, 0% used [0x00000000d7400000,0x00000000d7400000,0x00000000db200000)
  from space 5120K, 99% used [0x00000000db700000,0x00000000dbbffe50,0x00000000dbc00000)
  to   space 5120K, 0% used [0x00000000db200000,0x00000000db200000,0x00000000db700000)
 ParOldGen       total 84992K, used 5222K [0x0000000085c00000, 0x000000008af00000, 0x00000000d7400000)
  object space 84992K, 6% used [0x0000000085c00000,0x0000000086119948,0x000000008af00000)
 Metaspace       used 8484K, capacity 8598K, committed 8832K, reserved 1056768K
  class space    used 800K, capacity 819K, committed 896K, reserved 1048576K
}
Event: 1.626 GC heap before
{Heap before GC invocations=5 (full 0):
 PSYoungGen      total 68608K, used 68607K [0x00000000d7400000, 0x00000000dbc00000, 0x0000000100000000)
  eden space 63488K, 100% used [0x00000000d7400000,0x00000000db200000,0x00000000db200000)
  from space 5120K, 99% used [0x00000000db700000,0x00000000dbbffe50,0x00000000dbc00000)
  to   space 5120K, 0% used [0x00000000db200000,0x00000000db200000,0x00000000db700000)
 ParOldGen       total 84992K, used 5238K [0x0000000085c00000, 0x000000008af00000, 0x00000000d7400000)
  object space 84992K, 6% used [0x0000000085c00000,0x000000008611d968,0x000000008af00000)
 Metaspace       used 8819K, capacity 8982K, committed 9088K, reserved 1056768K
  class space    used 820K, capacity 883K, committed 896K, reserved 1048576K
Event: 1.641 GC heap after
Heap after GC invocations=5 (full 0):
 PSYoungGen      total 68608K, used 5105K [0x00000000d7400000, 0x00000000e1600000, 0x0000000100000000)
  eden space 63488K, 0% used [0x00000000d7400000,0x00000000d7400000,0x00000000db200000)
  from space 5120K, 99% used [0x00000000db200000,0x00000000db6fc520,0x00000000db700000)
  to   space 19456K, 0% used [0x00000000e0300000,0x00000000e0300000,0x00000000e1600000)
 ParOldGen       total 84992K, used 20790K [0x0000000085c00000, 0x000000008af00000, 0x00000000d7400000)
  object space 84992K, 24% used [0x0000000085c00000,0x000000008704d9f0,0x000000008af00000)
 Metaspace       used 8819K, capacity 8982K, committed 9088K, reserved 1056768K
  class space    used 820K, capacity 883K, committed 896K, reserved 1048576K
}
Event: 1.834 GC heap before
{Heap before GC invocations=6 (full 0):
 PSYoungGen      total 68608K, used 68593K [0x00000000d7400000, 0x00000000e1600000, 0x0000000100000000)
  eden space 63488K, 100% used [0x00000000d7400000,0x00000000db200000,0x00000000db200000)
  from space 5120K, 99% used [0x00000000db200000,0x00000000db6fc520,0x00000000db700000)
  to   space 19456K, 0% used [0x00000000e0300000,0x00000000e0300000,0x00000000e1600000)
 ParOldGen       total 84992K, used 20794K [0x0000000085c00000, 0x000000008af00000, 0x00000000d7400000)
  object space 84992K, 24% used [0x0000000085c00000,0x000000008704e898,0x000000008af00000)
 Metaspace       used 9768K, capacity 9878K, committed 9984K, reserved 1058816K
  class space    used 902K, capacity 947K, committed 1024K, reserved 1048576K
Event: 1.852 GC heap after
Heap after GC invocations=6 (full 0):
 PSYoungGen      total 142336K, used 8516K [0x00000000d7400000, 0x00000000e1200000, 0x0000000100000000)
  eden space 126976K, 0% used [0x00000000d7400000,0x00000000d7400000,0x00000000df000000)
  from space 15360K, 55% used [0x00000000e0300000,0x00000000e0b51270,0x00000000e1200000)
  to   space 17408K, 0% used [0x00000000df000000,0x00000000df000000,0x00000000e0100000)
 ParOldGen       total 84992K, used 20794K [0x0000000085c00000, 0x000000008af00000, 0x00000000d7400000)
  object space 84992K, 24% used [0x0000000085c00000,0x000000008704e898,0x000000008af00000)
 Metaspace       used 9768K, capacity 9878K, committed 9984K, reserved 1058816K
  class space    used 902K, capacity 947K, committed 1024K, reserved 1048576K
}
Event: 2.019 GC heap before
{Heap before GC invocations=7 (full 0):
 PSYoungGen      total 142336K, used 134873K [0x00000000d7400000, 0x00000000e1200000, 0x0000000100000000)
  eden space 126976K, 99% used [0x00000000d7400000,0x00000000def654f0,0x00000000df000000)
  from space 15360K, 55% used [0x00000000e0300000,0x00000000e0b51270,0x00000000e1200000)
  to   space 17408K, 0% used [0x00000000df000000,0x00000000df000000,0x00000000e0100000)
 ParOldGen       total 84992K, used 20794K [0x0000000085c00000, 0x000000008af00000, 0x00000000d7400000)
  object space 84992K, 24% used [0x0000000085c00000,0x000000008704e898,0x000000008af00000)
 Metaspace       used 9866K, capacity 10006K, committed 10240K, reserved 1058816K
  class space    used 911K, capacity 947K, committed 1024K, reserved 1048576K
Event: 2.041 GC heap after
Heap after GC invocations=7 (full 0):
 PSYoungGen      total 144384K, used 13217K [0x00000000d7400000, 0x00000000e9100000, 0x0000000100000000)
  eden space 126976K, 0% used [0x00000000d7400000,0x00000000d7400000,0x00000000df000000)
  from space 17408K, 75% used [0x00000000df000000,0x00000000dfce86d8,0x00000000e0100000)
  to   space 18944K, 0% used [0x00000000e7e80000,0x00000000e7e80000,0x00000000e9100000)
 ParOldGen       total 84992K, used 23034K [0x0000000085c00000, 0x000000008af00000, 0x00000000d7400000)
  object space 84992K, 27% used [0x0000000085c00000,0x000000008727e8c8,0x000000008af00000)
 Metaspace       used 9866K, capacity 10006K, committed 10240K, reserved 1058816K
  class space    used 911K, capacity 947K, committed 1024K, reserved 1048576K
}
Event: 2.175 GC heap before
{Heap before GC invocations=8 (full 0):
 PSYoungGen      total 144384K, used 140193K [0x00000000d7400000, 0x00000000e9100000, 0x0000000100000000)
  eden space 126976K, 100% used [0x00000000d7400000,0x00000000df000000,0x00000000df000000)
  from space 17408K, 75% used [0x00000000df000000,0x00000000dfce86d8,0x00000000e0100000)
  to   space 18944K, 0% used [0x00000000e7e80000,0x00000000e7e80000,0x00000000e9100000)
 ParOldGen       total 84992K, used 23034K [0x0000000085c00000, 0x000000008af00000, 0x00000000d7400000)
  object space 84992K, 27% used [0x0000000085c00000,0x000000008727e8c8,0x000000008af00000)
 Metaspace       used 9881K, capacity 10006K, committed 10240K, reserved 1058816K
  class space    used 912K, capacity 947K, committed 1024K, reserved 1048576K
Event: 2.208 GC heap after
Heap after GC invocations=8 (full 0):
 PSYoungGen      total 270848K, used 16579K [0x00000000d7400000, 0x00000000e9500000, 0x0000000100000000)
  eden space 251904K, 0% used [0x00000000d7400000,0x00000000d7400000,0x00000000e6a00000)
  from space 18944K, 87% used [0x00000000e7e80000,0x00000000e8eb0f00,0x00000000e9100000)
  to   space 20992K, 0% used [0x00000000e6a00000,0x00000000e6a00000,0x00000000e7e80000)
 ParOldGen       total 84992K, used 24026K [0x0000000085c00000, 0x000000008af00000, 0x00000000d7400000)
  object space 84992K, 28% used [0x0000000085c00000,0x0000000087376908,0x000000008af00000)
 Metaspace       used 9881K, capacity 10006K, committed 10240K, reserved 1058816K
  class space    used 912K, capacity 947K, committed 1024K, reserved 1048576K
}

Deoptimization events (10 events):
Event: 1.704 Thread 0x0000000019279000 Uncommon trap: reason=bimorphic action=maybe_recompile pc=0x0000000002bcb4d8 method=java.util.regex.Pattern$Begin.match(Ljava/util/regex/Matcher;ILjava/lang/CharSequence;)Z @ 30
Event: 1.704 Thread 0x0000000019279000 Uncommon trap: reason=bimorphic action=maybe_recompile pc=0x0000000002bcb4d8 method=java.util.regex.Pattern$Begin.match(Ljava/util/regex/Matcher;ILjava/lang/CharSequence;)Z @ 30
Event: 1.704 Thread 0x0000000019279000 Uncommon trap: reason=bimorphic action=maybe_recompile pc=0x0000000002bcb4d8 method=java.util.regex.Pattern$Begin.match(Ljava/util/regex/Matcher;ILjava/lang/CharSequence;)Z @ 30
Event: 1.704 Thread 0x0000000019279000 Uncommon trap: reason=bimorphic action=maybe_recompile pc=0x0000000002bb03e8 method=java.util.regex.Pattern$Slice.match(Ljava/util/regex/Matcher;ILjava/lang/CharSequence;)Z @ 75
Event: 1.705 Thread 0x0000000019279000 Uncommon trap: reason=bimorphic action=maybe_recompile pc=0x0000000002bb03e8 method=java.util.regex.Pattern$Slice.match(Ljava/util/regex/Matcher;ILjava/lang/CharSequence;)Z @ 75
Event: 1.705 Thread 0x0000000019279000 Uncommon trap: reason=bimorphic action=maybe_recompile pc=0x0000000002bb03e8 method=java.util.regex.Pattern$Slice.match(Ljava/util/regex/Matcher;ILjava/lang/CharSequence;)Z @ 75
Event: 1.752 Thread 0x000000001926f800 Uncommon trap: reason=unstable_if action=reinterpret pc=0x0000000002c2c804 method=java.util.Hashtable.get(Ljava/lang/Object;)Ljava/lang/Object; @ 36
Event: 1.890 Thread 0x0000000019279000 Uncommon trap: reason=unstable_if action=reinterpret pc=0x0000000002ef5188 method=org.objectweb.asm.ClassReader.readUTF(II[C)Ljava/lang/String; @ 77
Event: 1.890 Thread 0x0000000019279000 Uncommon trap: reason=unstable_if action=reinterpret pc=0x0000000002e7d9ac method=org.objectweb.asm.ByteVector.putUTF8(Ljava/lang/String;)Lorg/objectweb/asm/ByteVector; @ 98
Event: 2.068 Thread 0x0000000019279000 Uncommon trap: reason=unstable_if action=reinterpret pc=0x0000000002e7d07c method=org.objectweb.asm.ClassReader.readUTF(II[C)Ljava/lang/String; @ 77

Classes redefined (0 events):
No events

Internal exceptions (10 events):
Event: 0.444 Thread 0x0000000000e4e000 Exception <a 'java/lang/ArrayIndexOutOfBoundsException': 18> (0x00000000d79bb7f0) thrown at [D:\j\worksp~1\openjd~3\jdk8u\hotspot\src\share\vm\interpreter\interpreterRuntime.cpp, line 368]
Event: 0.444 Thread 0x0000000000e4e000 Exception <a 'java/lang/ArrayIndexOutOfBoundsException': 55> (0x00000000d79bc560) thrown at [D:\j\worksp~1\openjd~3\jdk8u\hotspot\src\share\vm\interpreter\interpreterRuntime.cpp, line 368]
Event: 0.445 Thread 0x0000000000e4e000 Exception <a 'java/lang/ArrayIndexOutOfBoundsException': 40> (0x00000000d79bd3d0) thrown at [D:\j\worksp~1\openjd~3\jdk8u\hotspot\src\share\vm\interpreter\interpreterRuntime.cpp, line 368]
Event: 0.518 Thread 0x0000000000e4e000 Exception <a 'java/lang/ArrayIndexOutOfBoundsException'> (0x00000000d7e3e830) thrown at [D:\j\worksp~1\openjd~3\jdk8u\hotspot\src\share\vm\runtime\sharedRuntime.cpp, line 605]
Event: 0.521 Thread 0x0000000000e4e000 Exception <a 'java/lang/ArrayIndexOutOfBoundsException'> (0x00000000d7e5a110) thrown at [D:\j\worksp~1\openjd~3\jdk8u\hotspot\src\share\vm\runtime\sharedRuntime.cpp, line 605]
Event: 0.532 Thread 0x0000000000e4e000 Exception <a 'java/lang/ArrayIndexOutOfBoundsException'> (0x00000000d7eac450) thrown at [D:\j\worksp~1\openjd~3\jdk8u\hotspot\src\share\vm\runtime\sharedRuntime.cpp, line 605]
Event: 0.535 Thread 0x0000000000e4e000 Exception <a 'java/lang/ArrayIndexOutOfBoundsException'> (0x00000000d7ec1e18) thrown at [D:\j\worksp~1\openjd~3\jdk8u\hotspot\src\share\vm\runtime\sharedRuntime.cpp, line 605]
Event: 1.392 Thread 0x000000001927b000 Implicit null exception at 0x0000000002d2e6fb to 0x0000000002d2e771
Event: 1.393 Thread 0x0000000019275800 Implicit null exception at 0x0000000002d2e370 to 0x0000000002d2e3dd
Event: 1.704 Thread 0x0000000019279000 Implicit null exception at 0x0000000002e56aac to 0x0000000002e56bd1

Events (10 events):
Event: 2.110 Thread 0x0000000019267000 DEOPT PACKING pc=0x0000000002d53c4d sp=0x00000000199feb10
Event: 2.110 Thread 0x0000000019267000 DEOPT UNPACKING pc=0x00000000029271d0 sp=0x00000000199fe860 mode 0
Event: 2.151 loading class com/sun/org/apache/xerces/internal/impl/dv/DatatypeValidator
Event: 2.151 loading class com/sun/org/apache/xerces/internal/impl/dv/DatatypeValidator done
Event: 2.151 loading class com/sun/org/apache/xerces/internal/impl/dv/dtd/StringDatatypeValidator done
Event: 2.151 loading class com/sun/org/apache/xerces/internal/impl/dv/dtd/IDDatatypeValidator
Event: 2.167 Executing VM operation: ParallelGCFailedAllocation
Event: 2.209 Executing VM operation: ParallelGCFailedAllocation done
Event: 2.224 Thread 0x0000000019267800 DEOPT PACKING pc=0x0000000002d53c4d sp=0x0000000019afecc0
Event: 2.224 Thread 0x0000000019267800 DEOPT UNPACKING pc=0x00000000029271d0 sp=0x0000000019afea10 mode 0


Dynamic libraries:
0x00007ff6e9ae0000 - 0x00007ff6e9b15000 	C:\Program Files\Android\Jdk\microsoft_dist_openjdk_1.8.0.25\bin\java.exe
0x00007ffb7fef0000 - 0x00007ffb800e5000 	C:\WINDOWS\SYSTEM32\ntdll.dll
0x00007ffb7fd40000 - 0x00007ffb7fdfd000 	C:\WINDOWS\System32\KERNEL32.DLL
0x00007ffb7db70000 - 0x00007ffb7de39000 	C:\WINDOWS\System32\KERNELBASE.dll
0x00007ffb7fe00000 - 0x00007ffb7feac000 	C:\WINDOWS\System32\ADVAPI32.dll
0x00007ffb7f180000 - 0x00007ffb7f21e000 	C:\WINDOWS\System32\msvcrt.dll
0x00007ffb7eb60000 - 0x00007ffb7ebfb000 	C:\WINDOWS\System32\sechost.dll
0x00007ffb7efa0000 - 0x00007ffb7f0ca000 	C:\WINDOWS\System32\RPCRT4.dll
0x00007ffb7fba0000 - 0x00007ffb7fd40000 	C:\WINDOWS\System32\USER32.dll
0x00007ffb7de40000 - 0x00007ffb7de62000 	C:\WINDOWS\System32\win32u.dll
0x00007ffb7e5d0000 - 0x00007ffb7e5fa000 	C:\WINDOWS\System32\GDI32.dll
0x00007ffb7d7e0000 - 0x00007ffb7d8eb000 	C:\WINDOWS\System32\gdi32full.dll
0x00007ffb7d9a0000 - 0x00007ffb7da3d000 	C:\WINDOWS\System32\msvcp_win.dll
0x00007ffb7da40000 - 0x00007ffb7db40000 	C:\WINDOWS\System32\ucrtbase.dll
0x00007ffb62330000 - 0x00007ffb625ca000 	C:\WINDOWS\WinSxS\amd64_microsoft.windows.common-controls_6595b64144ccf1df_6.0.19041.1110_none_60b5254171f9507e\COMCTL32.dll
0x00007ffb7e120000 - 0x00007ffb7e150000 	C:\WINDOWS\System32\IMM32.DLL
0x0000000071080000 - 0x0000000071151000 	C:\Program Files\Android\Jdk\microsoft_dist_openjdk_1.8.0.25\jre\bin\msvcr100.dll
0x0000000070830000 - 0x0000000071075000 	C:\Program Files\Android\Jdk\microsoft_dist_openjdk_1.8.0.25\jre\bin\server\jvm.dll
0x00007ffb7eac0000 - 0x00007ffb7eac8000 	C:\WINDOWS\System32\PSAPI.DLL
0x00007ffb692b0000 - 0x00007ffb692d7000 	C:\WINDOWS\SYSTEM32\WINMM.dll
0x00007ffb77830000 - 0x00007ffb7783a000 	C:\WINDOWS\SYSTEM32\VERSION.dll
0x00007ffb6b500000 - 0x00007ffb6b509000 	C:\WINDOWS\SYSTEM32\WSOCK32.dll
0x00007ffb7ef30000 - 0x00007ffb7ef9b000 	C:\WINDOWS\System32\ws2_32.DLL
0x00007ffb78700000 - 0x00007ffb7870f000 	C:\Program Files\Android\Jdk\microsoft_dist_openjdk_1.8.0.25\jre\bin\verify.dll
0x00007ffb424c0000 - 0x00007ffb424e9000 	C:\Program Files\Android\Jdk\microsoft_dist_openjdk_1.8.0.25\jre\bin\java.dll
0x00007ffb424a0000 - 0x00007ffb424b6000 	C:\Program Files\Android\Jdk\microsoft_dist_openjdk_1.8.0.25\jre\bin\zip.dll
0x00007ffb7f460000 - 0x00007ffb7fb9f000 	C:\WINDOWS\System32\SHELL32.dll
0x00007ffb7b750000 - 0x00007ffb7bee0000 	C:\WINDOWS\SYSTEM32\windows.storage.dll
0x00007ffb7e600000 - 0x00007ffb7e955000 	C:\WINDOWS\System32\combase.dll
0x00007ffb7cfb0000 - 0x00007ffb7cfdc000 	C:\WINDOWS\SYSTEM32\Wldp.dll
0x00007ffb7f0d0000 - 0x00007ffb7f17e000 	C:\WINDOWS\System32\SHCORE.dll
0x00007ffb7ec00000 - 0x00007ffb7ec55000 	C:\WINDOWS\System32\shlwapi.dll
0x00007ffb7d560000 - 0x00007ffb7d57f000 	C:\WINDOWS\SYSTEM32\profapi.dll
0x00007ffb42480000 - 0x00007ffb4249a000 	C:\Program Files\Android\jdk\microsoft_dist_openjdk_1.8.0.25\jre\bin\net.dll
0x00007ffb7cd10000 - 0x00007ffb7cd7a000 	C:\WINDOWS\system32\mswsock.dll
0x00007ffb42460000 - 0x00007ffb42471000 	C:\Program Files\Android\jdk\microsoft_dist_openjdk_1.8.0.25\jre\bin\nio.dll

VM Arguments:
java_command: com.xamarin.androidx.jetifierWrapper.Main -intermediate obj\Debug\100\androidx\_AndroidXJetifyEmbeddedFiles.jetify -parallel
java_class_path (initial): C:\Program Files (x86)\Microsoft\Xamarin\NuGet\xamarin.androidx.migration\1.0.0.1\buildTransitive\monoandroid90\Tools/JetifierWrapper/jetifierWrapper-1.0.jar
Launcher Type: SUN_STANDARD

Environment Variables:
PATH=C:\Program Files\Android\Jdk\microsoft_dist_openjdk_1.8.0.25\bin;C:\WINDOWS\system32;C:\WINDOWS;C:\WINDOWS\System32\Wbem;C:\WINDOWS\System32\WindowsPowerShell\v1.0\;C:\WINDOWS\System32\OpenSSH\;C:\Program Files\dotnet\;C:\Program Files\Microsoft SQL Server\130\Tools\Binn\;C:\Program Files\Microsoft SQL Server\Client SDK\ODBC\170\Tools\Binn\;C:\Program Files\Microsoft SQL Server\110\Tools\Binn\;C:\Program Files (x86)\Microsoft SQL Server\110\Tools\Binn\;C:\Program Files\Microsoft SQL Server\110\DTS\Binn\;C:\Program Files (x86)\Microsoft SQL Server\110\Tools\Binn\ManagementStudio\;C:\Program Files (x86)\Microsoft Visual Studio 10.0\Common7\IDE\PrivateAssemblies\;C:\Program Files (x86)\Microsoft SQL Server\110\DTS\Binn\;C:\Program Files\Git\cmd;C:\Program Files (x86)\dotnet\;C:\Users\ADMIN\AppData\Local\Microsoft\WindowsApps;C:\Users\ADMIN\.dotnet\tools
USERNAME=ADMIN
OS=Windows_NT
PROCESSOR_IDENTIFIER=Intel64 Family 6 Model 165 Stepping 3, GenuineIntel



---------------  S Y S T E M  ---------------

OS: Windows 10.0 , 64 bit Build 19041 (10.0.19041.1151)

CPU:total 4 (initial active 4) (2 cores per cpu, 2 threads per core) family 6 model 165 stepping 3, cmov, cx8, fxsr, mmx, sse, sse2, sse3, ssse3, sse4.1, sse4.2, popcnt, aes, clmul, erms, 3dnowpref, lzcnt, ht, tsc, tscinvbit

Memory: 4k page, physical 8009008k(262916k free), swap 21416876k(6332k free)

vm_info: OpenJDK 64-Bit Server VM (25.71-b00) for windows-amd64 JRE (1.8.0-25-microsoft-b00), built on Feb  7 2019 20:09:14 by "builder" with MS VC++ 10.0 (VS2010)

time: Tue Sep 14 09:56:37 2021
timezone: SE Asia Standard Time
elapsed time: 2 seconds (0d 0h 0m 2s)

