#
# There is insufficient memory for the Java Runtime Environment to continue.
# Native memory allocation (malloc) failed to allocate 964448 bytes for Chunk::new
# Possible reasons:
#   The system is out of physical RAM or swap space
#   The process is running with CompressedOops enabled, and the Java Heap may be blocking the growth of the native heap
# Possible solutions:
#   Reduce memory load on the system
#   Increase physical memory or swap space
#   Check if swap backing store is full
#   Decrease Java heap size (-Xmx/-Xms)
#   Decrease number of Java threads
#   Decrease Java thread stack sizes (-Xss)
#   Set larger code cache with -XX:ReservedCodeCacheSize=
#   JVM is running with Unscaled Compressed Oops mode in which the Java heap is
#     placed in the first 4GB address space. The Java Heap base address is the
#     maximum limit for the native heap growth. Please use -XX:HeapBaseMinAddress
#     to set the Java Heap base and to place the Java Heap above 4GB virtual address.
# This output file may be truncated or incomplete.
#
#  Out of Memory Error (allocation.cpp:389), pid=4396, tid=0x0000000000003100
#
# JRE version: OpenJDK Runtime Environment (8.0) (build 1.8.0-25-microsoft-b00)
# Java VM: OpenJDK 64-Bit Server VM (25.71-b00 mixed mode windows-amd64 compressed oops)
# Failed to write core dump. Minidumps are not enabled by default on client versions of Windows
#

---------------  T H R E A D  ---------------

Current thread (0x0000000014c4a800):  JavaThread "C2 CompilerThread0" daemon [_thread_in_native, id=12544, stack(0x00000000162b0000,0x00000000163b0000)]

Stack: [0x00000000162b0000,0x00000000163b0000]
[error occurred during error reporting (printing stack bounds), id 0xc0000005]

Native frames: (J=compiled Java code, j=interpreted, Vv=VM code, C=native code)


Current CompileTask:
C2:   2625 3339       4       com.android.tools.r8.s.b.q1::a (260 bytes)


---------------  P R O C E S S  ---------------

Java Threads: ( => current thread )
  0x0000000016d82800 JavaThread "ForkJoinPool-1-worker-0" daemon [_thread_in_Java, id=10324, stack(0x0000000018480000,0x0000000018580000)]
  0x0000000016d81800 JavaThread "ForkJoinPool-1-worker-1" daemon [_thread_in_Java, id=3440, stack(0x0000000018380000,0x0000000018480000)]
  0x00000000165d2800 JavaThread "Service Thread" daemon [_thread_blocked, id=1060, stack(0x00000000169b0000,0x0000000016ab0000)]
  0x0000000014c5d000 JavaThread "C1 CompilerThread2" daemon [_thread_in_vm, id=836, stack(0x00000000164b0000,0x00000000165b0000)]
  0x0000000014c4c800 JavaThread "C2 CompilerThread1" daemon [_thread_in_native, id=11004, stack(0x00000000163b0000,0x00000000164b0000)]
=>0x0000000014c4a800 JavaThread "C2 CompilerThread0" daemon [_thread_in_native, id=12544, stack(0x00000000162b0000,0x00000000163b0000)]
  0x0000000014c49800 JavaThread "Attach Listener" daemon [_thread_blocked, id=9268, stack(0x00000000161b0000,0x00000000162b0000)]
  0x0000000014c59800 JavaThread "Signal Dispatcher" daemon [_thread_blocked, id=4180, stack(0x00000000160b0000,0x00000000161b0000)]
  0x000000000257c000 JavaThread "Finalizer" daemon [_thread_blocked, id=12040, stack(0x0000000015eb0000,0x0000000015fb0000)]
  0x0000000002573800 JavaThread "Reference Handler" daemon [_thread_blocked, id=10036, stack(0x0000000015db0000,0x0000000015eb0000)]
  0x000000000237e800 JavaThread "main" [_thread_blocked, id=1184, stack(0x0000000002380000,0x0000000002480000)]

Other Threads:
  0x0000000014c15000 VMThread [stack: 0x0000000015cb0000,0x0000000015db0000] [id=708]
  0x00000000165d4000 WatcherThread [stack: 0x0000000016ab0000,0x0000000016bb0000] [id=9928]

VM state:not at safepoint (normal execution)

VM Mutex/Monitor currently owned by a thread: None

heap address: 0x00000000c0000000, size: 1024 MB, Compressed Oops mode: 32-bit
Narrow klass base: 0x0000000000000000, Narrow klass shift: 3
Compressed class space size: 1073741824 Address: 0x0000000100000000

Heap:
 PSYoungGen      total 151040K, used 141444K [0x00000000eab00000, 0x00000000f5700000, 0x0000000100000000)
  eden space 126976K, 98% used [0x00000000eab00000,0x00000000f253bef0,0x00000000f2700000)
  from space 24064K, 67% used [0x00000000f3f80000,0x00000000f4f65388,0x00000000f5700000)
  to   space 24576K, 0% used [0x00000000f2700000,0x00000000f2700000,0x00000000f3f00000)
 ParOldGen       total 84992K, used 47058K [0x00000000c0000000, 0x00000000c5300000, 0x00000000eab00000)
  object space 84992K, 55% used [0x00000000c0000000,0x00000000c2df4b58,0x00000000c5300000)
 Metaspace       used 15759K, capacity 16700K, committed 16896K, reserved 1064960K
  class space    used 1995K, capacity 2258K, committed 2304K, reserved 1048576K

Card table byte_map: [0x0000000011940000,0x0000000011b50000] byte_map_base: 0x0000000011340000

Marking Bits: (ParMarkBitMap*) 0x0000000070ff8f30
 Begin Bits: [0x00000000120b0000, 0x00000000130b0000)
 End Bits:   [0x00000000130b0000, 0x00000000140b0000)

Polling page: 0x0000000000b00000

CodeCache: size=245760Kb used=12903Kb max_used=12903Kb free=232856Kb
 bounds [0x0000000002580000, 0x0000000003230000, 0x0000000011580000]
 total_blobs=3838 nmethods=3486 adapters=265
 compilation: enabled

Compilation events (10 events):
Event: 2.618 Thread 0x0000000014c5d000 nmethod 3532 0x00000000026a2c10 code [0x00000000026a2dc0, 0x00000000026a3148]
Event: 2.618 Thread 0x0000000014c5d000 3538       2       com.android.tools.r8.s.b.X::d (55 bytes)
Event: 2.618 Thread 0x0000000014c5d000 nmethod 3538 0x000000000269a590 code [0x000000000269a780, 0x000000000269ad88]
Event: 2.618 Thread 0x0000000014c5d000 3533       2       com.android.tools.r8.s.b.h0::<init> (8 bytes)
Event: 2.619 Thread 0x0000000014c5d000 nmethod 3533 0x000000000269a110 code [0x000000000269a280, 0x000000000269a468]
Event: 2.619 Thread 0x0000000014c5d000 3530       2       com.android.tools.r8.q.a.a.b.l1::<init> (19 bytes)
Event: 2.619 Thread 0x0000000014c5d000 nmethod 3530 0x0000000002699d90 code [0x0000000002699ee0, 0x000000000269a070]
Event: 2.621 Thread 0x0000000014c5d000 3539       2       com.android.tools.r8.ir.conversion.N::a (91 bytes)
Event: 2.621 Thread 0x0000000014c5d000 nmethod 3539 0x00000000026997d0 code [0x0000000002699960, 0x0000000002699c18]
Event: 2.623 Thread 0x0000000014c5d000 3540       2       com.android.tools.r8.ir.conversion.N::a (3065 bytes)

GC Heap History (10 events):
Event: 0.480 GC heap before
{Heap before GC invocations=2 (full 0):
 PSYoungGen      total 36864K, used 36857K [0x00000000eab00000, 0x00000000ed400000, 0x0000000100000000)
  eden space 31744K, 100% used [0x00000000eab00000,0x00000000eca00000,0x00000000eca00000)
  from space 5120K, 99% used [0x00000000eca00000,0x00000000ecefe7f0,0x00000000ecf00000)
  to   space 5120K, 0% used [0x00000000ecf00000,0x00000000ecf00000,0x00000000ed400000)
 ParOldGen       total 84992K, used 467K [0x00000000c0000000, 0x00000000c5300000, 0x00000000eab00000)
  object space 84992K, 0% used [0x00000000c0000000,0x00000000c0074d00,0x00000000c5300000)
 Metaspace       used 8156K, capacity 8410K, committed 8576K, reserved 1056768K
  class space    used 932K, capacity 1033K, committed 1152K, reserved 1048576K
Event: 0.487 GC heap after
Heap after GC invocations=2 (full 0):
 PSYoungGen      total 36864K, used 5112K [0x00000000eab00000, 0x00000000ef300000, 0x0000000100000000)
  eden space 31744K, 0% used [0x00000000eab00000,0x00000000eab00000,0x00000000eca00000)
  from space 5120K, 99% used [0x00000000ecf00000,0x00000000ed3fe360,0x00000000ed400000)
  to   space 5120K, 0% used [0x00000000eca00000,0x00000000eca00000,0x00000000ecf00000)
 ParOldGen       total 84992K, used 9232K [0x00000000c0000000, 0x00000000c5300000, 0x00000000eab00000)
  object space 84992K, 10% used [0x00000000c0000000,0x00000000c09041e8,0x00000000c5300000)
 Metaspace       used 8156K, capacity 8410K, committed 8576K, reserved 1056768K
  class space    used 932K, capacity 1033K, committed 1152K, reserved 1048576K
}
Event: 0.537 GC heap before
{Heap before GC invocations=3 (full 0):
 PSYoungGen      total 36864K, used 36851K [0x00000000eab00000, 0x00000000ef300000, 0x0000000100000000)
  eden space 31744K, 99% used [0x00000000eab00000,0x00000000ec9fe9c0,0x00000000eca00000)
  from space 5120K, 99% used [0x00000000ecf00000,0x00000000ed3fe360,0x00000000ed400000)
  to   space 5120K, 0% used [0x00000000eca00000,0x00000000eca00000,0x00000000ecf00000)
 ParOldGen       total 84992K, used 9232K [0x00000000c0000000, 0x00000000c5300000, 0x00000000eab00000)
  object space 84992K, 10% used [0x00000000c0000000,0x00000000c09041e8,0x00000000c5300000)
 Metaspace       used 8159K, capacity 8410K, committed 8576K, reserved 1056768K
  class space    used 932K, capacity 1033K, committed 1152K, reserved 1048576K
Event: 0.545 GC heap after
Heap after GC invocations=3 (full 0):
 PSYoungGen      total 36864K, used 5097K [0x00000000eab00000, 0x00000000ef300000, 0x0000000100000000)
  eden space 31744K, 0% used [0x00000000eab00000,0x00000000eab00000,0x00000000eca00000)
  from space 5120K, 99% used [0x00000000eca00000,0x00000000ecefa4b0,0x00000000ecf00000)
  to   space 5120K, 0% used [0x00000000eee00000,0x00000000eee00000,0x00000000ef300000)
 ParOldGen       total 84992K, used 21902K [0x00000000c0000000, 0x00000000c5300000, 0x00000000eab00000)
  object space 84992K, 25% used [0x00000000c0000000,0x00000000c1563868,0x00000000c5300000)
 Metaspace       used 8159K, capacity 8410K, committed 8576K, reserved 1056768K
  class space    used 932K, capacity 1033K, committed 1152K, reserved 1048576K
}
Event: 0.727 GC heap before
{Heap before GC invocations=4 (full 0):
 PSYoungGen      total 36864K, used 36841K [0x00000000eab00000, 0x00000000ef300000, 0x0000000100000000)
  eden space 31744K, 100% used [0x00000000eab00000,0x00000000eca00000,0x00000000eca00000)
  from space 5120K, 99% used [0x00000000eca00000,0x00000000ecefa4b0,0x00000000ecf00000)
  to   space 5120K, 0% used [0x00000000eee00000,0x00000000eee00000,0x00000000ef300000)
 ParOldGen       total 84992K, used 21902K [0x00000000c0000000, 0x00000000c5300000, 0x00000000eab00000)
  object space 84992K, 25% used [0x00000000c0000000,0x00000000c1563868,0x00000000c5300000)
 Metaspace       used 9153K, capacity 9464K, committed 9600K, reserved 1058816K
  class space    used 1045K, capacity 1136K, committed 1152K, reserved 1048576K
Event: 0.741 GC heap after
Heap after GC invocations=4 (full 0):
 PSYoungGen      total 68608K, used 5109K [0x00000000eab00000, 0x00000000ef300000, 0x0000000100000000)
  eden space 63488K, 0% used [0x00000000eab00000,0x00000000eab00000,0x00000000ee900000)
  from space 5120K, 99% used [0x00000000eee00000,0x00000000ef2fd770,0x00000000ef300000)
  to   space 5120K, 0% used [0x00000000ee900000,0x00000000ee900000,0x00000000eee00000)
 ParOldGen       total 84992K, used 31748K [0x00000000c0000000, 0x00000000c5300000, 0x00000000eab00000)
  object space 84992K, 37% used [0x00000000c0000000,0x00000000c1f01100,0x00000000c5300000)
 Metaspace       used 9153K, capacity 9464K, committed 9600K, reserved 1058816K
  class space    used 1045K, capacity 1136K, committed 1152K, reserved 1048576K
}
Event: 1.005 GC heap before
{Heap before GC invocations=5 (full 0):
 PSYoungGen      total 68608K, used 68597K [0x00000000eab00000, 0x00000000ef300000, 0x0000000100000000)
  eden space 63488K, 100% used [0x00000000eab00000,0x00000000ee900000,0x00000000ee900000)
  from space 5120K, 99% used [0x00000000eee00000,0x00000000ef2fd770,0x00000000ef300000)
  to   space 5120K, 0% used [0x00000000ee900000,0x00000000ee900000,0x00000000eee00000)
 ParOldGen       total 84992K, used 31748K [0x00000000c0000000, 0x00000000c5300000, 0x00000000eab00000)
  object space 84992K, 37% used [0x00000000c0000000,0x00000000c1f01100,0x00000000c5300000)
 Metaspace       used 9400K, capacity 9766K, committed 9984K, reserved 1058816K
  class space    used 1077K, capacity 1179K, committed 1280K, reserved 1048576K
Event: 1.038 GC heap after
Heap after GC invocations=5 (full 0):
 PSYoungGen      total 68608K, used 5104K [0x00000000eab00000, 0x00000000f5800000, 0x0000000100000000)
  eden space 63488K, 0% used [0x00000000eab00000,0x00000000eab00000,0x00000000ee900000)
  from space 5120K, 99% used [0x00000000ee900000,0x00000000eedfc040,0x00000000eee00000)
  to   space 25088K, 0% used [0x00000000f3f80000,0x00000000f3f80000,0x00000000f5800000)
 ParOldGen       total 84992K, used 47058K [0x00000000c0000000, 0x00000000c5300000, 0x00000000eab00000)
  object space 84992K, 55% used [0x00000000c0000000,0x00000000c2df4b58,0x00000000c5300000)
 Metaspace       used 9400K, capacity 9766K, committed 9984K, reserved 1058816K
  class space    used 1077K, capacity 1179K, committed 1280K, reserved 1048576K
}
Event: 1.265 GC heap before
{Heap before GC invocations=6 (full 0):
 PSYoungGen      total 68608K, used 68592K [0x00000000eab00000, 0x00000000f5800000, 0x0000000100000000)
  eden space 63488K, 100% used [0x00000000eab00000,0x00000000ee900000,0x00000000ee900000)
  from space 5120K, 99% used [0x00000000ee900000,0x00000000eedfc040,0x00000000eee00000)
  to   space 25088K, 0% used [0x00000000f3f80000,0x00000000f3f80000,0x00000000f5800000)
 ParOldGen       total 84992K, used 47058K [0x00000000c0000000, 0x00000000c5300000, 0x00000000eab00000)
  object space 84992K, 55% used [0x00000000c0000000,0x00000000c2df4b58,0x00000000c5300000)
 Metaspace       used 10021K, capacity 10428K, committed 10496K, reserved 1058816K
  class space    used 1162K, capacity 1260K, committed 1280K, reserved 1048576K
Event: 1.298 GC heap after
Heap after GC invocations=6 (full 0):
 PSYoungGen      total 151040K, used 16276K [0x00000000eab00000, 0x00000000f5700000, 0x0000000100000000)
  eden space 126976K, 0% used [0x00000000eab00000,0x00000000eab00000,0x00000000f2700000)
  from space 24064K, 67% used [0x00000000f3f80000,0x00000000f4f65388,0x00000000f5700000)
  to   space 24576K, 0% used [0x00000000f2700000,0x00000000f2700000,0x00000000f3f00000)
 ParOldGen       total 84992K, used 47058K [0x00000000c0000000, 0x00000000c5300000, 0x00000000eab00000)
  object space 84992K, 55% used [0x00000000c0000000,0x00000000c2df4b58,0x00000000c5300000)
 Metaspace       used 10021K, capacity 10428K, committed 10496K, reserved 1058816K
  class space    used 1162K, capacity 1260K, committed 1280K, reserved 1048576K
}

Deoptimization events (10 events):
Event: 2.421 Thread 0x0000000016d82800 Uncommon trap: reason=bimorphic action=maybe_recompile pc=0x0000000002f49178 method=com.android.tools.r8.s.b.s1.a(Lcom/android/tools/r8/s/a/p/u;)Lcom/android/tools/r8/s/b/s1; @ 12
Event: 2.421 Thread 0x0000000016d82800 Uncommon trap: reason=bimorphic action=maybe_recompile pc=0x0000000002f49178 method=com.android.tools.r8.s.b.s1.a(Lcom/android/tools/r8/s/a/p/u;)Lcom/android/tools/r8/s/b/s1; @ 12
Event: 2.421 Thread 0x0000000016d82800 Uncommon trap: reason=bimorphic action=maybe_recompile pc=0x0000000002f49178 method=com.android.tools.r8.s.b.s1.a(Lcom/android/tools/r8/s/a/p/u;)Lcom/android/tools/r8/s/b/s1; @ 12
Event: 2.421 Thread 0x0000000016d82800 Uncommon trap: reason=bimorphic action=maybe_recompile pc=0x0000000002f4f3d4 method=com.android.tools.r8.s.b.s1.a(Lcom/android/tools/r8/s/a/p/u;)Lcom/android/tools/r8/s/b/s1; @ 12
Event: 2.423 Thread 0x0000000016d82800 Uncommon trap: reason=unstable_if action=reinterpret pc=0x0000000002f4f66c method=com.android.tools.r8.s.b.s1.b()Z @ 11
Event: 2.449 Thread 0x0000000016d81800 Uncommon trap: reason=unstable_if action=reinterpret pc=0x0000000002e83d78 method=java.util.HashMap.putVal(ILjava/lang/Object;Ljava/lang/Object;ZZ)Ljava/lang/Object; @ 162
Event: 2.449 Thread 0x0000000016d81800 Uncommon trap: reason=unstable_if action=reinterpret pc=0x00000000026f5748 method=java.util.HashMap.resize()[Ljava/util/HashMap$Node; @ 206
Event: 2.459 Thread 0x0000000016d82800 Uncommon trap: reason=unstable_if action=reinterpret pc=0x00000000030c9658 method=com.android.tools.r8.ir.conversion.o.d(I)Lcom/android/tools/r8/s/b/W0; @ 59
Event: 2.500 Thread 0x0000000016d81800 Uncommon trap: reason=unstable_if action=reinterpret pc=0x000000000308a8d0 method=com.android.tools.r8.t.a.a.a.f.X.a(ILjava/lang/Object;)Ljava/lang/Object; @ 8
Event: 2.536 Thread 0x0000000016d81800 Uncommon trap: reason=unstable_if action=reinterpret pc=0x00000000030d6fc0 method=java.util.HashMap.getNode(ILjava/lang/Object;)Ljava/util/HashMap$Node; @ 84

Classes redefined (0 events):
No events

Internal exceptions (10 events):
Event: 0.419 Thread 0x000000000237e800 Exception <a 'java/security/PrivilegedActionException'> (0x00000000ec8a5bc8) thrown at [D:\j\worksp~1\openjd~3\jdk8u\hotspot\src\share\vm\prims\jvm.cpp, line 1508]
Event: 0.419 Thread 0x000000000237e800 Exception <a 'java/security/PrivilegedActionException'> (0x00000000ec8a5dd8) thrown at [D:\j\worksp~1\openjd~3\jdk8u\hotspot\src\share\vm\prims\jvm.cpp, line 1508]
Event: 0.430 Thread 0x000000000237e800 Implicit null exception at 0x00000000027e42ad to 0x00000000027e4911
Event: 0.445 Thread 0x000000000237e800 Implicit null exception at 0x00000000027e15f8 to 0x00000000027e1ab9
Event: 0.707 Thread 0x0000000016d82800 Implicit null exception at 0x000000000297d8fd to 0x000000000297edf9
Event: 1.084 Thread 0x000000000237e800 Exception <a 'java/lang/IncompatibleClassChangeError': Found class java.lang.Object, but interface was expected> (0x00000000ebb9e338) thrown at [D:\j\worksp~1\openjd~3\jdk8u\hotspot\src\share\vm\interpreter\linkResolver.cpp, line 653]
Event: 1.587 Thread 0x0000000016d81800 Implicit null exception at 0x0000000002a2dfef to 0x0000000002a2e235
Event: 1.621 Thread 0x0000000016d82800 Exception <a 'java/lang/NoSuchMethodError': java.lang.Object.b(Lcom/android/tools/r8/graph/p1$b;)Lcom/android/tools/r8/graph/p1$b;> (0x00000000eef1bd38) thrown at [D:\j\worksp~1\openjd~3\jdk8u\hotspot\src\share\vm\interpreter\linkResolver.cpp, line 620]
Event: 1.659 Thread 0x0000000016d81800 Exception <a 'java/lang/NoSuchMethodError': java.lang.Object.lambda$comparingInt$7b0bb60$1(Ljava/util/function/ToIntFunction;Ljava/lang/Object;Ljava/lang/Object;)I> (0x00000000ef11ca20) thrown at [D:\j\worksp~1\openjd~3\jdk8u\hotspot\src\share\vm\interpre
Event: 1.661 Thread 0x0000000016d81800 Exception <a 'java/lang/NoSuchMethodError': java.lang.Object.lambda$maxBy$1(Ljava/util/Comparator;Ljava/lang/Object;Ljava/lang/Object;)Ljava/lang/Object;> (0x00000000ef25c4f0) thrown at [D:\j\worksp~1\openjd~3\jdk8u\hotspot\src\share\vm\interpreter\linkRe

Events (10 events):
Event: 2.589 Thread 0x0000000014c5d000 flushing nmethod 0x000000000269de90
Event: 2.589 Thread 0x0000000014c5d000 flushing nmethod 0x000000000269e250
Event: 2.589 Thread 0x0000000014c5d000 flushing nmethod 0x000000000269e610
Event: 2.589 Thread 0x0000000014c5d000 flushing nmethod 0x00000000026a1c50
Event: 2.589 Thread 0x0000000014c5d000 flushing nmethod 0x00000000026a2990
Event: 2.589 Thread 0x0000000014c5d000 flushing nmethod 0x00000000026a3050
Event: 2.589 Thread 0x0000000014c5d000 flushing nmethod 0x00000000026a51d0
Event: 2.589 Thread 0x0000000014c5d000 flushing nmethod 0x00000000026a6710
Event: 2.589 Thread 0x0000000014c5d000 flushing nmethod 0x00000000026abfd0
Event: 2.589 Thread 0x0000000014c5d000 flushing nmethod 0x00000000026ad350


Dynamic libraries:
0x00007ff75b470000 - 0x00007ff75b4a5000 	C:\Program Files\Android\Jdk\microsoft_dist_openjdk_1.8.0.25\bin\java.exe
0x00007ffb7fef0000 - 0x00007ffb800e5000 	C:\WINDOWS\SYSTEM32\ntdll.dll
0x00007ffb7fd40000 - 0x00007ffb7fdfd000 	C:\WINDOWS\System32\KERNEL32.DLL
0x00007ffb7db70000 - 0x00007ffb7de39000 	C:\WINDOWS\System32\KERNELBASE.dll
0x00007ffb7fe00000 - 0x00007ffb7feac000 	C:\WINDOWS\System32\ADVAPI32.dll
0x00007ffb7f180000 - 0x00007ffb7f21e000 	C:\WINDOWS\System32\msvcrt.dll
0x00007ffb7eb60000 - 0x00007ffb7ebfb000 	C:\WINDOWS\System32\sechost.dll
0x00007ffb7efa0000 - 0x00007ffb7f0ca000 	C:\WINDOWS\System32\RPCRT4.dll
0x00007ffb7fba0000 - 0x00007ffb7fd40000 	C:\WINDOWS\System32\USER32.dll
0x00007ffb7de40000 - 0x00007ffb7de62000 	C:\WINDOWS\System32\win32u.dll
0x00007ffb7e5d0000 - 0x00007ffb7e5fa000 	C:\WINDOWS\System32\GDI32.dll
0x00007ffb7d7e0000 - 0x00007ffb7d8eb000 	C:\WINDOWS\System32\gdi32full.dll
0x00007ffb7d9a0000 - 0x00007ffb7da3d000 	C:\WINDOWS\System32\msvcp_win.dll
0x00007ffb7da40000 - 0x00007ffb7db40000 	C:\WINDOWS\System32\ucrtbase.dll
0x00007ffb62330000 - 0x00007ffb625ca000 	C:\WINDOWS\WinSxS\amd64_microsoft.windows.common-controls_6595b64144ccf1df_6.0.19041.1110_none_60b5254171f9507e\COMCTL32.dll
0x00007ffb7e120000 - 0x00007ffb7e150000 	C:\WINDOWS\System32\IMM32.DLL
0x0000000071080000 - 0x0000000071151000 	C:\Program Files\Android\Jdk\microsoft_dist_openjdk_1.8.0.25\jre\bin\msvcr100.dll
0x0000000070830000 - 0x0000000071075000 	C:\Program Files\Android\Jdk\microsoft_dist_openjdk_1.8.0.25\jre\bin\server\jvm.dll
0x00007ffb7eac0000 - 0x00007ffb7eac8000 	C:\WINDOWS\System32\PSAPI.DLL
0x00007ffb77830000 - 0x00007ffb7783a000 	C:\WINDOWS\SYSTEM32\VERSION.dll
0x00007ffb692b0000 - 0x00007ffb692d7000 	C:\WINDOWS\SYSTEM32\WINMM.dll
0x00007ffb6b500000 - 0x00007ffb6b509000 	C:\WINDOWS\SYSTEM32\WSOCK32.dll
0x00007ffb7ef30000 - 0x00007ffb7ef9b000 	C:\WINDOWS\System32\WS2_32.dll
0x00007ffb79310000 - 0x00007ffb7931f000 	C:\Program Files\Android\Jdk\microsoft_dist_openjdk_1.8.0.25\jre\bin\verify.dll
0x00007ffb6e860000 - 0x00007ffb6e889000 	C:\Program Files\Android\Jdk\microsoft_dist_openjdk_1.8.0.25\jre\bin\java.dll
0x00007ffb759a0000 - 0x00007ffb759b6000 	C:\Program Files\Android\Jdk\microsoft_dist_openjdk_1.8.0.25\jre\bin\zip.dll
0x00007ffb7f460000 - 0x00007ffb7fb9f000 	C:\WINDOWS\System32\SHELL32.dll
0x00007ffb7b750000 - 0x00007ffb7bee0000 	C:\WINDOWS\SYSTEM32\windows.storage.dll
0x00007ffb7e600000 - 0x00007ffb7e955000 	C:\WINDOWS\System32\combase.dll
0x00007ffb7cfb0000 - 0x00007ffb7cfdc000 	C:\WINDOWS\SYSTEM32\Wldp.dll
0x00007ffb7f0d0000 - 0x00007ffb7f17e000 	C:\WINDOWS\System32\SHCORE.dll
0x00007ffb7ec00000 - 0x00007ffb7ec55000 	C:\WINDOWS\System32\shlwapi.dll
0x00007ffb7d560000 - 0x00007ffb7d57f000 	C:\WINDOWS\SYSTEM32\profapi.dll
0x00007ffb72ee0000 - 0x00007ffb72efa000 	C:\Program Files\Android\jdk\microsoft_dist_openjdk_1.8.0.25\jre\bin\net.dll
0x00007ffb7cd10000 - 0x00007ffb7cd7a000 	C:\WINDOWS\system32\mswsock.dll
0x00007ffb72ea0000 - 0x00007ffb72eb1000 	C:\Program Files\Android\jdk\microsoft_dist_openjdk_1.8.0.25\jre\bin\nio.dll

VM Arguments:
jvm_args: -Xmx1G 
java_command: com.android.tools.r8.D8 --debug --min-api 21 --output obj\Debug\100\android\bin\ --lib C:\Program Files (x86)\Android\android-sdk\platforms\android-29\android.jar --lib C:\Program Files (x86)\Android\android-sdk\platforms\android-29\optional\org.apache.http.legacy.jar obj\Debug\100\android\bin\classes.zip C:\Program Files (x86)\Microsoft Visual Studio\2019\Enterprise\Common7\IDE\ReferenceAssemblies\Microsoft\Framework\MonoAndroid\v10.0\mono.android.jar C:\Program Files (x86)\Microsoft Visual Studio\2019\Enterprise\MSBuild\Xamarin\Android\java_runtime_fastdev.jar C:\Program Files (x86)\Microsoft\Xamarin\NuGet\xamarin.androidx.annotation\1.1.0.1\buildTransitive\monoandroid90\..\..\jar\androidx.annotation.annotation.jar C:\Program Files (x86)\Microsoft\Xamarin\NuGet\xamarin.androidx.collection\1.1.0.1\buildTransitive\monoandroid90\..\..\jar\androidx.collection.collection.jar C:\Program Files (x86)\Microsoft\Xamarin\NuGet\xamarin.androidx.lifecycle.common\2.1.0.1\buildTransitive\monoandroid90\..\..\jar\androidx.lifecycle.lifecycle-common.jar C:\Program Files (x86)\Microsoft\Xamarin\NuGet\xamarin.androidx.arch.core.common\2.1.0.1\buildTransitive\monoandroid90\..\..\jar\androidx.arch.core.core-common.jar obj\Debug\100\lp\0\jl\formsviewgroup.jar obj\Debug\100\lp\55\jl\classes.jar obj\Debug\100\lp\56\jl\classes.jar obj\Debug\100\lp\57\jl\classes.jar obj\Debug\100\lp\58\jl\classes.jar obj\Debug\100\lp\59\jl\classes.jar obj\Debug\100\lp\60\jl\classes.jar obj\Debug\100\lp\61\jl\classes.jar obj\Debug\100\lp\62\jl\classes.jar obj\Debug\100\lp\63\jl\classes.jar obj\Debug\100\lp\64\jl\classes.jar obj\Debug\100\lp\65\jl\classes.jar obj\Debug\100\lp\66\jl\classes.jar obj\Debug\100\lp\67\jl\classes.jar obj\Debug\100\lp\68\jl\classes.jar obj\Debug\100\lp\69\jl\classes.jar obj\Debug\100\lp\70\jl\classes.jar obj\Debug\100\lp\71\jl\classes.jar obj\Debug\100\lp\72\jl\classes.jar obj\Debug\100\lp\73\jl\classes.jar obj\Debug\100\lp\74\jl\classes.jar obj\Debug\100\lp\75\jl\cl
java_class_path (initial): C:\Program Files (x86)\Microsoft Visual Studio\2019\Enterprise\MSBuild\Xamarin\Android\r8.jar
Launcher Type: SUN_STANDARD

Environment Variables:
PATH=C:\Program Files\Android\Jdk\microsoft_dist_openjdk_1.8.0.25\bin;C:\WINDOWS\system32;C:\WINDOWS;C:\WINDOWS\System32\Wbem;C:\WINDOWS\System32\WindowsPowerShell\v1.0\;C:\WINDOWS\System32\OpenSSH\;C:\Program Files\dotnet\;C:\Program Files\Microsoft SQL Server\130\Tools\Binn\;C:\Program Files\Microsoft SQL Server\Client SDK\ODBC\170\Tools\Binn\;C:\Program Files\Microsoft SQL Server\110\Tools\Binn\;C:\Program Files (x86)\Microsoft SQL Server\110\Tools\Binn\;C:\Program Files\Microsoft SQL Server\110\DTS\Binn\;C:\Program Files (x86)\Microsoft SQL Server\110\Tools\Binn\ManagementStudio\;C:\Program Files (x86)\Microsoft Visual Studio 10.0\Common7\IDE\PrivateAssemblies\;C:\Program Files (x86)\Microsoft SQL Server\110\DTS\Binn\;C:\Program Files\Git\cmd;C:\Program Files (x86)\dotnet\;C:\Users\ADMIN\AppData\Local\Microsoft\WindowsApps;C:\Users\ADMIN\.dotnet\tools
USERNAME=ADMIN
OS=Windows_NT
PROCESSOR_IDENTIFIER=Intel64 Family 6 Model 165 Stepping 3, GenuineIntel



---------------  S Y S T E M  ---------------

OS: Windows 10.0 , 64 bit Build 19041 (10.0.19041.1151)

CPU:total 4 (initial active 4) (2 cores per cpu, 2 threads per core) family 6 model 165 stepping 3, cmov, cx8, fxsr, mmx, sse, sse2, sse3, ssse3, sse4.1, sse4.2, popcnt, aes, clmul, erms, 3dnowpref, lzcnt, ht, tsc, tscinvbit

Memory: 4k page, physical 8009008k(507860k free), swap 21416876k(5828k free)

vm_info: OpenJDK 64-Bit Server VM (25.71-b00) for windows-amd64 JRE (1.8.0-25-microsoft-b00), built on Feb  7 2019 20:09:14 by "builder" with MS VC++ 10.0 (VS2010)

time: Tue Sep 14 10:01:11 2021
timezone: SE Asia Standard Time
elapsed time: 2 seconds (0d 0h 0m 2s)

